0 silly argv { _: [ 'import' ],
0 silly argv   lernaVersion: '3.15.0',
0 silly argv   '$0':
0 silly argv    'C:\\Users\\sea\\AppData\\Roaming\\npm\\node_modules\\lerna\\cli.js',
0 silly argv   dir: 'H:\\free-cli' }
1 notice cli v3.15.0
2 verbose rootPath H:\free
3 info versioning independent
4 error Error: Command failed: git rev-parse HEAD
4 error fatal: ambiguous argument 'HEAD': unknown revision or path not in the working tree.
4 error Use '--' to separate paths from revisions, like this:
4 error 'git <command> [<revision>...] -- [<file>...]'
4 error
4 error HEAD
4 error
4 error     at makeError (C:\Users\sea\AppData\Roaming\npm\node_modules\lerna\node_modules\execa\index.js:174:9)
4 error     at Function.module.exports.sync (C:\Users\sea\AppData\Roaming\npm\node_modules\lerna\node_modules\execa\index.js:338:15)
4 error     at Object.execSync (C:\Users\sea\AppData\Roaming\npm\node_modules\lerna\node_modules\@lerna\child-process\index.js:26:16)
4 error     at ImportCommand.execSync (C:\Users\sea\AppData\Roaming\npm\node_modules\lerna\node_modules\@lerna\import\index.js:143:34)
4 error     at ImportCommand.getCurrentSHA (C:\Users\sea\AppData\Roaming\npm\node_modules\lerna\node_modules\@lerna\import\index.js:135:17)
4 error     at ImportCommand.initialize (C:\Users\sea\AppData\Roaming\npm\node_modules\lerna\node_modules\@lerna\import\index.js:104:31)
4 error     at Promise.resolve.then (C:\Users\sea\AppData\Roaming\npm\node_modules\lerna\node_modules\@lerna\command\index.js:271:24)
